<?xml version="1.0" encoding="UTF-8"?>
<!-- Generated by org.testng.reporters.JUnitReportReporter -->
<testsuite skipped="0" hostname="LAPTOP-RNC9PO6L" name="com.test.script.Login" tests="1" failures="0" timestamp="22 Nov 2019 14:52:44 GMT" time="31.030" errors="0">
  <testcase name="logInTest" time="31.030" classname="com.test.script.Login"/>
</testsuite> <!-- com.test.script.Login -->
