<?xml version="1.0" encoding="UTF-8"?>
<!-- Generated by org.testng.reporters.JUnitReportReporter -->
<testsuite skipped="0" hostname="LAPTOP-RNC9PO6L" name="com.test.script.FunctionTest" tests="3" failures="0" timestamp="22 Nov 2019 12:19:02 GMT" time="102.735" errors="0">
  <testcase name="logInTest" time="27.907" classname="com.test.script.FunctionTest"/>
  <testcase name="checkoutTest" time="43.925" classname="com.test.script.FunctionTest"/>
  <testcase name="signInTest" time="30.903" classname="com.test.script.FunctionTest"/>
</testsuite> <!-- com.test.script.FunctionTest -->
