<?xml version="1.0" encoding="UTF-8"?>
<!-- Generated by org.testng.reporters.JUnitReportReporter -->
<testsuite skipped="0" hostname="LAPTOP-RNC9PO6L" name="com.test.script.CreateAccountTest" tests="1" failures="0" timestamp="22 Nov 2019 14:52:44 GMT" time="32.630" errors="0">
  <testcase name="logInTest" time="32.630" classname="com.test.script.CreateAccountTest"/>
</testsuite> <!-- com.test.script.CreateAccountTest -->
